<?xml version="1.0" encoding="UTF-8"?>
<Site BuildName="(empty)"
	BuildStamp="20240701-0218-Experimental"
	Name="zjw-amax"
	Generator="ctest-3.16.3"
	CompilerName="/usr/bin/c++"
	CompilerVersion="9.4.0"
	OSName="Linux"
	Hostname="zjw-amax"
	OSRelease="5.15.0-91-generic"
	OSVersion="#101~20.04.1-Ubuntu SMP Thu Nov 16 14:22:28 UTC 2023"
	OSPlatform="x86_64"
	Is64Bits="1"
	VendorString="GenuineIntel"
	VendorID="Intel Corporation"
	FamilyID="6"
	ModelID="85"
	ProcessorCacheSize="19712"
	NumberOfLogicalCPU="20"
	NumberOfPhysicalCPU="10"
	TotalVirtualMemory="2047"
	TotalPhysicalMemory="128476"
	LogicalProcessorsPerPhysical="2"
	ProcessorClockFrequency="4055.01"
	>
	<Testing>
		<StartDateTime>Jul 01 10:18 CST</StartDateTime>
		<StartTestTime>1719800306</StartTestTime>
		<TestList/>
		<EndDateTime>Jul 01 10:18 CST</EndDateTime>
		<EndTestTime>1719800306</EndTestTime>
		<ElapsedMinutes>0</ElapsedMinutes>
	</Testing>
</Site>
